[0.055s] [34mcolcon[0m [1;30mDEBUG[0m [32mCommand line arguments: ['/usr/bin/colcon', 'build'][0m
[0.055s] [34mcolcon[0m [1;30mDEBUG[0m [32mParsed command line arguments: Namespace(log_base=None, log_level=None, verb_name='build', build_base='build', install_base='install', merge_install=False, symlink_install=False, test_result_base=None, continue_on_error=False, executor='parallel', parallel_workers=24, event_handlers=None, ignore_user_meta=False, metas=['./colcon.meta'], base_paths=['.'], packages_ignore=None, packages_ignore_regex=None, paths=None, packages_up_to=None, packages_up_to_regex=None, packages_above=None, packages_above_and_dependencies=None, packages_above_depth=None, packages_select_by_dep=None, packages_skip_by_dep=None, packages_skip_up_to=None, packages_select_build_failed=False, packages_skip_build_finished=False, packages_select_test_failures=False, packages_skip_test_passed=False, packages_select=None, packages_skip=None, packages_select_regex=None, packages_skip_regex=None, packages_start=None, packages_end=None, allow_overriding=[], cmake_args=None, cmake_target=None, cmake_target_skip_unavailable=False, cmake_clean_cache=False, cmake_clean_first=False, cmake_force_configure=False, ament_cmake_args=None, catkin_cmake_args=None, catkin_skip_building_tests=False, mixin_files=None, mixin=None, verb_parser=<colcon_mixin.mixin.mixin_argument.MixinArgumentDecorator object at 0x7bbb134c5480>, verb_extension=<colcon_core.verb.build.BuildVerb object at 0x7bbb134c4eb0>, main=<bound method BuildVerb.main of <colcon_core.verb.build.BuildVerb object at 0x7bbb134c4eb0>>, mixin_verb=('build',))[0m
[0.072s] [34mcolcon.colcon_core.package_discovery[0m [1;30mLevel 1[0m discover_packages(colcon_meta) check parameters
[0.072s] [34mcolcon.colcon_core.package_discovery[0m [1;30mLevel 1[0m discover_packages(recursive) check parameters
[0.072s] [34mcolcon.colcon_core.package_discovery[0m [1;30mLevel 1[0m discover_packages(ignore) check parameters
[0.073s] [34mcolcon.colcon_core.package_discovery[0m [1;30mLevel 1[0m discover_packages(path) check parameters
[0.073s] [34mcolcon.colcon_core.package_discovery[0m [1;30mLevel 1[0m discover_packages(colcon_meta) discover
[0.073s] [34mcolcon.colcon_core.package_discovery[0m [1;30mLevel 1[0m discover_packages(recursive) discover
[0.073s] [34mcolcon.colcon_core.package_discovery[0m [1;30mINFO[0m Crawling recursively for packages in '/home/lizhen/works/open_source/model_convert/ros2_tools/motion_editor'
[0.073s] [34mcolcon.colcon_core.package_identification[0m [1;30mLevel 1[0m _identify(.) by extensions ['ignore', 'ignore_ament_install']
[0.073s] [34mcolcon.colcon_core.package_identification[0m [1;30mLevel 1[0m _identify(.) by extension 'ignore'
[0.073s] [34mcolcon.colcon_core.package_identification[0m [1;30mLevel 1[0m _identify(.) by extension 'ignore_ament_install'
[0.073s] [34mcolcon.colcon_core.package_identification[0m [1;30mLevel 1[0m _identify(.) by extensions ['colcon_pkg']
[0.073s] [34mcolcon.colcon_core.package_identification[0m [1;30mLevel 1[0m _identify(.) by extension 'colcon_pkg'
[0.073s] [34mcolcon.colcon_core.package_identification[0m [1;30mLevel 1[0m _identify(.) by extensions ['colcon_meta']
[0.073s] [34mcolcon.colcon_core.package_identification[0m [1;30mLevel 1[0m _identify(.) by extension 'colcon_meta'
[0.073s] [34mcolcon.colcon_core.package_identification[0m [1;30mLevel 1[0m _identify(.) by extensions ['ros']
[0.073s] [34mcolcon.colcon_core.package_identification[0m [1;30mLevel 1[0m _identify(.) by extension 'ros'
[0.080s] [34mcolcon.colcon_core.package_identification[0m [1;30mLevel 1[0m _identify(.) by extensions ['cmake', 'python']
[0.080s] [34mcolcon.colcon_core.package_identification[0m [1;30mLevel 1[0m _identify(.) by extension 'cmake'
[0.080s] [34mcolcon.colcon_core.package_identification[0m [1;30mLevel 1[0m _identify(.) by extension 'python'
[0.080s] [34mcolcon.colcon_core.package_identification[0m [1;30mLevel 1[0m _identify(.) by extensions ['python_setup_py']
[0.080s] [34mcolcon.colcon_core.package_identification[0m [1;30mLevel 1[0m _identify(.) by extension 'python_setup_py'
[0.080s] [34mcolcon.colcon_core.package_identification[0m [1;30mLevel 1[0m _identify(build) by extensions ['ignore', 'ignore_ament_install']
[0.080s] [34mcolcon.colcon_core.package_identification[0m [1;30mLevel 1[0m _identify(build) by extension 'ignore'
[0.080s] [34mcolcon.colcon_core.package_identification[0m [1;30mLevel 1[0m _identify(build) ignored
[0.080s] [34mcolcon.colcon_core.package_identification[0m [1;30mLevel 1[0m _identify(install) by extensions ['ignore', 'ignore_ament_install']
[0.080s] [34mcolcon.colcon_core.package_identification[0m [1;30mLevel 1[0m _identify(install) by extension 'ignore'
[0.080s] [34mcolcon.colcon_core.package_identification[0m [1;30mLevel 1[0m _identify(install) ignored
[0.081s] [34mcolcon.colcon_core.package_identification[0m [1;30mLevel 1[0m _identify(log) by extensions ['ignore', 'ignore_ament_install']
[0.081s] [34mcolcon.colcon_core.package_identification[0m [1;30mLevel 1[0m _identify(log) by extension 'ignore'
[0.081s] [34mcolcon.colcon_core.package_identification[0m [1;30mLevel 1[0m _identify(log) ignored
[0.081s] [34mcolcon.colcon_core.package_identification[0m [1;30mLevel 1[0m _identify(src) by extensions ['ignore', 'ignore_ament_install']
[0.081s] [34mcolcon.colcon_core.package_identification[0m [1;30mLevel 1[0m _identify(src) by extension 'ignore'
[0.081s] [34mcolcon.colcon_core.package_identification[0m [1;30mLevel 1[0m _identify(src) by extension 'ignore_ament_install'
[0.081s] [34mcolcon.colcon_core.package_identification[0m [1;30mLevel 1[0m _identify(src) by extensions ['colcon_pkg']
[0.081s] [34mcolcon.colcon_core.package_identification[0m [1;30mLevel 1[0m _identify(src) by extension 'colcon_pkg'
[0.081s] [34mcolcon.colcon_core.package_identification[0m [1;30mLevel 1[0m _identify(src) by extensions ['colcon_meta']
[0.081s] [34mcolcon.colcon_core.package_identification[0m [1;30mLevel 1[0m _identify(src) by extension 'colcon_meta'
[0.081s] [34mcolcon.colcon_core.package_identification[0m [1;30mLevel 1[0m _identify(src) by extensions ['ros']
[0.081s] [34mcolcon.colcon_core.package_identification[0m [1;30mLevel 1[0m _identify(src) by extension 'ros'
[0.081s] [34mcolcon.colcon_core.package_identification[0m [1;30mLevel 1[0m _identify(src) by extensions ['cmake', 'python']
[0.081s] [34mcolcon.colcon_core.package_identification[0m [1;30mLevel 1[0m _identify(src) by extension 'cmake'
[0.081s] [34mcolcon.colcon_core.package_identification[0m [1;30mLevel 1[0m _identify(src) by extension 'python'
[0.081s] [34mcolcon.colcon_core.package_identification[0m [1;30mLevel 1[0m _identify(src) by extensions ['python_setup_py']
[0.081s] [34mcolcon.colcon_core.package_identification[0m [1;30mLevel 1[0m _identify(src) by extension 'python_setup_py'
[0.081s] [34mcolcon.colcon_core.package_identification[0m [1;30mLevel 1[0m _identify(src/motion_editor) by extensions ['ignore', 'ignore_ament_install']
[0.081s] [34mcolcon.colcon_core.package_identification[0m [1;30mLevel 1[0m _identify(src/motion_editor) by extension 'ignore'
[0.081s] [34mcolcon.colcon_core.package_identification[0m [1;30mLevel 1[0m _identify(src/motion_editor) by extension 'ignore_ament_install'
[0.081s] [34mcolcon.colcon_core.package_identification[0m [1;30mLevel 1[0m _identify(src/motion_editor) by extensions ['colcon_pkg']
[0.081s] [34mcolcon.colcon_core.package_identification[0m [1;30mLevel 1[0m _identify(src/motion_editor) by extension 'colcon_pkg'
[0.081s] [34mcolcon.colcon_core.package_identification[0m [1;30mLevel 1[0m _identify(src/motion_editor) by extensions ['colcon_meta']
[0.081s] [34mcolcon.colcon_core.package_identification[0m [1;30mLevel 1[0m _identify(src/motion_editor) by extension 'colcon_meta'
[0.081s] [34mcolcon.colcon_core.package_identification[0m [1;30mLevel 1[0m _identify(src/motion_editor) by extensions ['ros']
[0.081s] [34mcolcon.colcon_core.package_identification[0m [1;30mLevel 1[0m _identify(src/motion_editor) by extension 'ros'
[0.082s] [34mcolcon.colcon_core.package_identification[0m [1;30mDEBUG[0m [32mPackage 'src/motion_editor' with type 'ros.ament_python' and name 'motion_editor'[0m
[0.082s] [34mcolcon.colcon_core.package_discovery[0m [1;30mLevel 1[0m discover_packages(recursive) using defaults
[0.082s] [34mcolcon.colcon_core.package_discovery[0m [1;30mLevel 1[0m discover_packages(ignore) discover
[0.082s] [34mcolcon.colcon_core.package_discovery[0m [1;30mLevel 1[0m discover_packages(ignore) using defaults
[0.082s] [34mcolcon.colcon_core.package_discovery[0m [1;30mLevel 1[0m discover_packages(path) discover
[0.082s] [34mcolcon.colcon_core.package_discovery[0m [1;30mLevel 1[0m discover_packages(path) using defaults
[0.089s] [34mcolcon.colcon_core.package_discovery[0m [1;30mLevel 1[0m discover_packages(prefix_path) check parameters
[0.089s] [34mcolcon.colcon_core.package_discovery[0m [1;30mLevel 1[0m discover_packages(prefix_path) discover
[0.090s] [34mcolcon.colcon_installed_package_information.package_discovery[0m [1;30mDEBUG[0m [32mFound 1 installed packages in /home/lizhen/works/open_source/model_convert/ros2_tools/motion_editor/install[0m
[0.091s] [34mcolcon.colcon_installed_package_information.package_discovery[0m [1;30mDEBUG[0m [32mFound 307 installed packages in /opt/ros/humble[0m
[0.091s] [34mcolcon.colcon_core.package_discovery[0m [1;30mLevel 1[0m discover_packages(prefix_path) using defaults
[0.108s] [34mcolcon.colcon_core.verb[0m [1;30mLevel 5[0m set package 'motion_editor' build argument 'cmake_args' from command line to 'None'
[0.108s] [34mcolcon.colcon_core.verb[0m [1;30mLevel 5[0m set package 'motion_editor' build argument 'cmake_target' from command line to 'None'
[0.108s] [34mcolcon.colcon_core.verb[0m [1;30mLevel 5[0m set package 'motion_editor' build argument 'cmake_target_skip_unavailable' from command line to 'False'
[0.108s] [34mcolcon.colcon_core.verb[0m [1;30mLevel 5[0m set package 'motion_editor' build argument 'cmake_clean_cache' from command line to 'False'
[0.108s] [34mcolcon.colcon_core.verb[0m [1;30mLevel 5[0m set package 'motion_editor' build argument 'cmake_clean_first' from command line to 'False'
[0.108s] [34mcolcon.colcon_core.verb[0m [1;30mLevel 5[0m set package 'motion_editor' build argument 'cmake_force_configure' from command line to 'False'
[0.108s] [34mcolcon.colcon_core.verb[0m [1;30mLevel 5[0m set package 'motion_editor' build argument 'ament_cmake_args' from command line to 'None'
[0.108s] [34mcolcon.colcon_core.verb[0m [1;30mLevel 5[0m set package 'motion_editor' build argument 'catkin_cmake_args' from command line to 'None'
[0.108s] [34mcolcon.colcon_core.verb[0m [1;30mLevel 5[0m set package 'motion_editor' build argument 'catkin_skip_building_tests' from command line to 'False'
[0.108s] [34mcolcon.colcon_core.verb[0m [1;30mDEBUG[0m [32mBuilding package 'motion_editor' with the following arguments: {'ament_cmake_args': None, 'build_base': '/home/lizhen/works/open_source/model_convert/ros2_tools/motion_editor/build/motion_editor', 'catkin_cmake_args': None, 'catkin_skip_building_tests': False, 'cmake_args': None, 'cmake_clean_cache': False, 'cmake_clean_first': False, 'cmake_force_configure': False, 'cmake_target': None, 'cmake_target_skip_unavailable': False, 'install_base': '/home/lizhen/works/open_source/model_convert/ros2_tools/motion_editor/install/motion_editor', 'merge_install': False, 'path': '/home/lizhen/works/open_source/model_convert/ros2_tools/motion_editor/src/motion_editor', 'symlink_install': False, 'test_result_base': None}[0m
[0.109s] [34mcolcon.colcon_core.executor[0m [1;30mINFO[0m Executing jobs using 'parallel' executor
[0.109s] [34mcolcon.colcon_parallel_executor.executor.parallel[0m [1;30mDEBUG[0m [32mrun_until_complete[0m
[0.109s] [34mcolcon.colcon_ros.task.ament_python.build[0m [1;30mINFO[0m Building ROS package in '/home/lizhen/works/open_source/model_convert/ros2_tools/motion_editor/src/motion_editor' with build type 'ament_python'
[0.109s] [34mcolcon.colcon_core.shell[0m [1;30mLevel 1[0m create_environment_hook('motion_editor', 'ament_prefix_path')
[0.110s] [34mcolcon.colcon_core.plugin_system[0m [1;30mINFO[0m Skipping extension 'colcon_core.shell.bat': Not used on non-Windows systems
[0.110s] [34mcolcon.colcon_core.shell[0m [1;30mINFO[0m Creating environment hook '/home/lizhen/works/open_source/model_convert/ros2_tools/motion_editor/install/motion_editor/share/motion_editor/hook/ament_prefix_path.ps1'
[0.111s] [34mcolcon.colcon_core.shell[0m [1;30mINFO[0m Creating environment descriptor '/home/lizhen/works/open_source/model_convert/ros2_tools/motion_editor/install/motion_editor/share/motion_editor/hook/ament_prefix_path.dsv'
[0.111s] [34mcolcon.colcon_core.shell[0m [1;30mINFO[0m Creating environment hook '/home/lizhen/works/open_source/model_convert/ros2_tools/motion_editor/install/motion_editor/share/motion_editor/hook/ament_prefix_path.sh'
[0.111s] [34mcolcon.colcon_core.shell[0m [1;30mINFO[0m Skip shell extension 'powershell' for command environment: Not usable outside of PowerShell
[0.111s] [34mcolcon.colcon_core.shell[0m [1;30mDEBUG[0m [32mSkip shell extension 'dsv' for command environment[0m
[0.221s] [34mcolcon.colcon_core.task.python.build[0m [1;30mINFO[0m Building Python package in '/home/lizhen/works/open_source/model_convert/ros2_tools/motion_editor/src/motion_editor'
[0.221s] [34mcolcon.colcon_core.shell[0m [1;30mINFO[0m Skip shell extension 'powershell' for command environment: Not usable outside of PowerShell
[0.221s] [34mcolcon.colcon_core.shell[0m [1;30mDEBUG[0m [32mSkip shell extension 'dsv' for command environment[0m
[0.441s] [34mcolcon.colcon_core.event_handler.log_command[0m [1;30mDEBUG[0m [32mInvoking command in '/home/lizhen/works/open_source/model_convert/ros2_tools/motion_editor/src/motion_editor': PYTHONPATH=/home/lizhen/works/open_source/model_convert/ros2_tools/motion_editor/build/motion_editor/prefix_override:/usr/lib/python3/dist-packages/colcon_core/task/python/colcon_distutils_commands:/home/lizhen/works/open_source/model_convert/ros2_tools/motion_editor/install/motion_editor/lib/python3.10/site-packages:${PYTHONPATH} /usr/bin/python3 -W ignore:setup.py install is deprecated setup.py egg_info --egg-base ../../build/motion_editor build --build-base /home/lizhen/works/open_source/model_convert/ros2_tools/motion_editor/build/motion_editor/build install --record /home/lizhen/works/open_source/model_convert/ros2_tools/motion_editor/build/motion_editor/install.log --single-version-externally-managed install_data[0m
[0.757s] [34mcolcon.colcon_core.event_handler.log_command[0m [1;30mDEBUG[0m [32mInvoked command in '/home/lizhen/works/open_source/model_convert/ros2_tools/motion_editor/src/motion_editor' returned '0': PYTHONPATH=/home/lizhen/works/open_source/model_convert/ros2_tools/motion_editor/build/motion_editor/prefix_override:/usr/lib/python3/dist-packages/colcon_core/task/python/colcon_distutils_commands:/home/lizhen/works/open_source/model_convert/ros2_tools/motion_editor/install/motion_editor/lib/python3.10/site-packages:${PYTHONPATH} /usr/bin/python3 -W ignore:setup.py install is deprecated setup.py egg_info --egg-base ../../build/motion_editor build --build-base /home/lizhen/works/open_source/model_convert/ros2_tools/motion_editor/build/motion_editor/build install --record /home/lizhen/works/open_source/model_convert/ros2_tools/motion_editor/build/motion_editor/install.log --single-version-externally-managed install_data[0m
[0.758s] [34mcolcon.colcon_core.environment[0m [1;30mLevel 1[0m checking '/home/lizhen/works/open_source/model_convert/ros2_tools/motion_editor/install/motion_editor' for CMake module files
[0.758s] [34mcolcon.colcon_core.environment[0m [1;30mLevel 1[0m checking '/home/lizhen/works/open_source/model_convert/ros2_tools/motion_editor/install/motion_editor' for CMake config files
[0.758s] [34mcolcon.colcon_core.environment[0m [1;30mLevel 1[0m checking '/home/lizhen/works/open_source/model_convert/ros2_tools/motion_editor/install/motion_editor/lib'
[0.759s] [34mcolcon.colcon_core.environment[0m [1;30mLevel 1[0m checking '/home/lizhen/works/open_source/model_convert/ros2_tools/motion_editor/install/motion_editor/bin'
[0.759s] [34mcolcon.colcon_core.environment[0m [1;30mLevel 1[0m checking '/home/lizhen/works/open_source/model_convert/ros2_tools/motion_editor/install/motion_editor/lib/pkgconfig/motion_editor.pc'
[0.759s] [34mcolcon.colcon_core.environment[0m [1;30mLevel 1[0m checking '/home/lizhen/works/open_source/model_convert/ros2_tools/motion_editor/install/motion_editor/lib/python3.10/site-packages'
[0.759s] [34mcolcon.colcon_core.shell[0m [1;30mLevel 1[0m create_environment_hook('motion_editor', 'pythonpath')
[0.759s] [34mcolcon.colcon_core.shell[0m [1;30mINFO[0m Creating environment hook '/home/lizhen/works/open_source/model_convert/ros2_tools/motion_editor/install/motion_editor/share/motion_editor/hook/pythonpath.ps1'
[0.759s] [34mcolcon.colcon_core.shell[0m [1;30mINFO[0m Creating environment descriptor '/home/lizhen/works/open_source/model_convert/ros2_tools/motion_editor/install/motion_editor/share/motion_editor/hook/pythonpath.dsv'
[0.759s] [34mcolcon.colcon_core.shell[0m [1;30mINFO[0m Creating environment hook '/home/lizhen/works/open_source/model_convert/ros2_tools/motion_editor/install/motion_editor/share/motion_editor/hook/pythonpath.sh'
[0.759s] [34mcolcon.colcon_core.environment[0m [1;30mLevel 1[0m checking '/home/lizhen/works/open_source/model_convert/ros2_tools/motion_editor/install/motion_editor/bin'
[0.759s] [34mcolcon.colcon_core.environment[0m [1;30mLevel 1[0m create_environment_scripts_only(motion_editor)
[0.760s] [34mcolcon.colcon_core.shell[0m [1;30mINFO[0m Creating package script '/home/lizhen/works/open_source/model_convert/ros2_tools/motion_editor/install/motion_editor/share/motion_editor/package.ps1'
[0.760s] [34mcolcon.colcon_core.shell[0m [1;30mINFO[0m Creating package descriptor '/home/lizhen/works/open_source/model_convert/ros2_tools/motion_editor/install/motion_editor/share/motion_editor/package.dsv'
[0.760s] [34mcolcon.colcon_core.shell[0m [1;30mINFO[0m Creating package script '/home/lizhen/works/open_source/model_convert/ros2_tools/motion_editor/install/motion_editor/share/motion_editor/package.sh'
[0.760s] [34mcolcon.colcon_core.shell[0m [1;30mINFO[0m Creating package script '/home/lizhen/works/open_source/model_convert/ros2_tools/motion_editor/install/motion_editor/share/motion_editor/package.bash'
[0.761s] [34mcolcon.colcon_core.shell[0m [1;30mINFO[0m Creating package script '/home/lizhen/works/open_source/model_convert/ros2_tools/motion_editor/install/motion_editor/share/motion_editor/package.zsh'
[0.761s] [34mcolcon.colcon_core.environment[0m [1;30mLevel 1[0m create_file_with_runtime_dependencies(/home/lizhen/works/open_source/model_convert/ros2_tools/motion_editor/install/motion_editor/share/colcon-core/packages/motion_editor)
[0.761s] [34mcolcon.colcon_parallel_executor.executor.parallel[0m [1;30mDEBUG[0m [32mclosing loop[0m
[0.761s] [34mcolcon.colcon_parallel_executor.executor.parallel[0m [1;30mDEBUG[0m [32mloop closed[0m
[0.761s] [34mcolcon.colcon_parallel_executor.executor.parallel[0m [1;30mDEBUG[0m [32mrun_until_complete finished with '0'[0m
[0.761s] [34mcolcon.colcon_core.event_reactor[0m [1;30mDEBUG[0m [32mjoining thread[0m
[0.764s] [34mcolcon.colcon_core.plugin_system[0m [1;30mINFO[0m Skipping extension 'colcon_notification.desktop_notification.terminal_notifier': Not used on non-Darwin systems
[0.764s] [34mcolcon.colcon_core.plugin_system[0m [1;30mINFO[0m Skipping extension 'colcon_notification.desktop_notification.win32': Not used on non-Windows systems
[0.764s] [34mcolcon.colcon_notification.desktop_notification[0m [1;30mINFO[0m Sending desktop notification using 'notify2'
[0.772s] [34mcolcon.colcon_core.event_reactor[0m [1;30mDEBUG[0m [32mjoined thread[0m
[0.773s] [34mcolcon.colcon_core.shell[0m [1;30mINFO[0m Creating prefix script '/home/lizhen/works/open_source/model_convert/ros2_tools/motion_editor/install/local_setup.ps1'
[0.773s] [34mcolcon.colcon_core.shell[0m [1;30mINFO[0m Creating prefix util module '/home/lizhen/works/open_source/model_convert/ros2_tools/motion_editor/install/_local_setup_util_ps1.py'
[0.774s] [34mcolcon.colcon_core.shell[0m [1;30mINFO[0m Creating prefix chain script '/home/lizhen/works/open_source/model_convert/ros2_tools/motion_editor/install/setup.ps1'
[0.774s] [34mcolcon.colcon_core.shell[0m [1;30mINFO[0m Creating prefix script '/home/lizhen/works/open_source/model_convert/ros2_tools/motion_editor/install/local_setup.sh'
[0.774s] [34mcolcon.colcon_core.shell[0m [1;30mINFO[0m Creating prefix util module '/home/lizhen/works/open_source/model_convert/ros2_tools/motion_editor/install/_local_setup_util_sh.py'
[0.774s] [34mcolcon.colcon_core.shell[0m [1;30mINFO[0m Creating prefix chain script '/home/lizhen/works/open_source/model_convert/ros2_tools/motion_editor/install/setup.sh'
[0.775s] [34mcolcon.colcon_core.shell[0m [1;30mINFO[0m Creating prefix script '/home/lizhen/works/open_source/model_convert/ros2_tools/motion_editor/install/local_setup.bash'
[0.775s] [34mcolcon.colcon_core.shell[0m [1;30mINFO[0m Creating prefix chain script '/home/lizhen/works/open_source/model_convert/ros2_tools/motion_editor/install/setup.bash'
[0.775s] [34mcolcon.colcon_core.shell[0m [1;30mINFO[0m Creating prefix script '/home/lizhen/works/open_source/model_convert/ros2_tools/motion_editor/install/local_setup.zsh'
[0.775s] [34mcolcon.colcon_core.shell[0m [1;30mINFO[0m Creating prefix chain script '/home/lizhen/works/open_source/model_convert/ros2_tools/motion_editor/install/setup.zsh'
